0 info it worked if it ends with ok
1 verbose cli [ '/usr/bin/nodejs', '/usr/bin/npm', 'install', '6.11.3' ]
2 info using npm@1.3.10
3 info using node@v0.10.25
4 warn package.json @ No description
5 warn package.json @ No repository field.
6 warn package.json @ No README data
7 verbose readDependencies using package.json deps
8 verbose cache add [ '6.11.3', null ]
9 verbose cache add name=undefined spec="6.11.3" args=["6.11.3",null]
10 verbose parsed url { protocol: null,
10 verbose parsed url   slashes: null,
10 verbose parsed url   auth: null,
10 verbose parsed url   host: null,
10 verbose parsed url   port: null,
10 verbose parsed url   hostname: null,
10 verbose parsed url   hash: null,
10 verbose parsed url   search: null,
10 verbose parsed url   query: null,
10 verbose parsed url   pathname: '6.11.3',
10 verbose parsed url   path: '6.11.3',
10 verbose parsed url   href: '6.11.3' }
11 silly lockFile ac8c6980-6-11-3 6.11.3
12 verbose lock 6.11.3 /root/.npm/ac8c6980-6-11-3.lock
13 silly lockFile ac8c6980-6-11-3 6.11.3
14 silly lockFile ac8c6980-6-11-3 6.11.3
15 verbose addNamed [ '6.11.3', '' ]
16 verbose addNamed [ null, '*' ]
17 silly lockFile 307e9068-6-11-3 6.11.3@
18 verbose lock 6.11.3@ /root/.npm/307e9068-6-11-3.lock
19 silly addNameRange { name: '6.11.3', range: '*', hasData: false }
20 verbose url raw 6.11.3
21 verbose url resolving [ 'https://registry.npmjs.org/', './6.11.3' ]
22 verbose url resolved https://registry.npmjs.org/6.11.3
23 info trying registry request attempt 1 at 23:40:25
24 http GET https://registry.npmjs.org/6.11.3
25 http 200 https://registry.npmjs.org/6.11.3
26 silly registry.get cb [ 200,
26 silly registry.get   { date: 'Wed, 24 Jul 2024 23:40:26 GMT',
26 silly registry.get     'content-type': 'application/octet-stream',
26 silly registry.get     'content-length': '284',
26 silly registry.get     connection: 'keep-alive',
26 silly registry.get     'cf-ray': '8a87c1558fda0816-IAD',
26 silly registry.get     'cf-cache-status': 'REVALIDATED',
26 silly registry.get     'accept-ranges': 'bytes',
26 silly registry.get     'access-control-allow-origin': '*',
26 silly registry.get     'cache-control': 'public, max-age=300',
26 silly registry.get     etag: '"82326d4515b7343907a712d40f39461e"',
26 silly registry.get     'last-modified': 'Tue, 24 May 2022 03:23:09 GMT',
26 silly registry.get     vary: 'accept-encoding, accept',
26 silly registry.get     server: 'cloudflare' } ]
27 silly addNameRange number 2 { name: '6.11.3', range: '*', hasData: true }
28 silly addNameRange versions [ '6.11.3', [] ]
29 error TypeError: Cannot read property 'latest' of undefined
29 error     at next (/usr/share/npm/lib/cache.js:687:35)
29 error     at /usr/share/npm/lib/cache.js:675:5
29 error     at saved (/usr/share/npm/node_modules/npm-registry-client/lib/get.js:142:7)
29 error     at /usr/lib/nodejs/graceful-fs/polyfills.js:133:7
29 error     at Object.oncomplete (fs.js:107:15)
30 error If you need help, you may report this log at:
30 error     <http://github.com/isaacs/npm/issues>
30 error or email it to:
30 error     <npm-@googlegroups.com>
31 error System Linux 5.3.0-1032-aws
32 error command "/usr/bin/nodejs" "/usr/bin/npm" "install" "6.11.3"
33 error cwd /alx-backend-javascript/0x01-ES6_promise
34 error node -v v0.10.25
35 error npm -v 1.3.10
36 error type non_object_property_load
37 verbose exit [ 1, true ]
